-------------------------------------------------------------------------------
Test set: TestLogining
-------------------------------------------------------------------------------
Tests run: 2, Failures: 1, Errors: 0, Skipped: 0, Time elapsed: 21.892 s <<< FAILURE! - in TestLogining
testLogInBySecretPhrase  Time elapsed: 20.718 s  <<< FAILURE!
org.opentest4j.AssertionFailedError: expected: <true> but was: <false>
	at TestLogin.testLogInBySecretPhrase(TestLogin.java:30)

