<?xml version="1.0" encoding="UTF-8"?>
<testsuite xmlns:xsi="http://www.w3.org/2001/XMLSchema-instance" xsi:noNamespaceSchemaLocation="https://maven.apache.org/surefire/maven-surefire-plugin/xsd/surefire-test-report.xsd" name="TestLogin" time="187.89" tests="15" errors="0" skipped="0" failures="1">
  <properties>
[...]
</properties>
  <testcase name="testBackSpaceBtn" classname="TestLogin" time="41.524">
    <failure message="Verify current url: login but current page: http://51.15.247.49:7876/dashboard" type="java.lang.AssertionError">java.lang.AssertionError: Verify current url: login but current page: http://51.15.247.49:7876/dashboard
	at TestLogin.testBackSpaceBtn(TestLogin.java:172)
</failure>
    <system-out><![CDATA[------------------------FIREFOX
]]></system-out>
    <system-err><![CDATA[мая 23, 2019 11:47:55 AM conf.TestConfig <init>
INFO: Configuration fihished
SLF4J: Failed to load class "org.slf4j.impl.StaticLoggerBinder".
SLF4J: Defaulting to no-operation (NOP) logger implementation
SLF4J: See http://www.slf4j.org/codes.html#StaticLoggerBinder for further details.
log4j:WARN No appenders could be found for logger (org.apache.http.client.protocol.RequestAddCookies).
log4j:WARN Please initialize the log4j system properly.
log4j:WARN See http://logging.apache.org/log4j/1.2/faq.html#noconfig for more info.
1558601287129	mozrunner::runner	INFO	Running command: "C:\\Program Files\\Mozilla Firefox\\firefox.exe" "-marionette" "-foreground" "-no-remote" "-profile" "C:\\Users\\SKRYPC~1\\AppData\\Local\\Temp\\rust_mozprofile.eQ9r5Xf06k3u"
JavaScript error: cck2.cfg, line 18: ReferenceError: Components is not defined
1558601288133	addons.webextension.screenshots@mozilla.org	WARN	Loading extension 'screenshots@mozilla.org': Reading manifest: Invalid extension permission: mozillaAddons
1558601288134	addons.webextension.screenshots@mozilla.org	WARN	Loading extension 'screenshots@mozilla.org': Reading manifest: Invalid extension permission: resource://pdf.js/
1558601288134	addons.webextension.screenshots@mozilla.org	WARN	Loading extension 'screenshots@mozilla.org': Reading manifest: Invalid extension permission: about:reader*
1558601290427	Marionette	INFO	Listening on port 58640
1558601290445	Marionette	WARN	TLS certificate errors will be ignored for this session
мая 23, 2019 11:48:10 AM org.openqa.selenium.remote.ProtocolHandshake createSession
INFO: Detected dialect: W3C
мая 23, 2019 11:48:17 AM TestLogin testBackSpaceBtn
INFO: Step 2: Switch to Login by Secret Phrase
мая 23, 2019 11:48:17 AM TestLogin testBackSpaceBtn
INFO: Step 3: Enter Secret Phrase data
мая 23, 2019 11:48:17 AM TestLogin testBackSpaceBtn
INFO: Step 4: Click on Submit Button
мая 23, 2019 11:48:17 AM TestLogin testBackSpaceBtn
INFO: Step 5: Press on Account Icon
мая 23, 2019 11:48:20 AM TestLogin testBackSpaceBtn
INFO: Step 6: Click on Log out button
мая 23, 2019 11:48:20 AM TestLogin testBackSpaceBtn
INFO: Step 7: Wait for Login Page is present
мая 23, 2019 11:48:20 AM TestLogin testBackSpaceBtn
INFO: Step 8: Press BACKSPACE button
мая 23, 2019 11:48:20 AM TestLogin testBackSpaceBtn
INFO: Step 9: Wait for Login Page is present
мая 23, 2019 11:48:35 AM TestBase verifyURL
WARNING: Expected condition failed: waiting for TestBase$$Lambda$517/0x00000008003b0840@288214b1 (tried for 15 second(s) with 500 milliseconds interval)
Build info: version: '3.141.59', revision: 'e82be7d358', time: '2018-11-14T08:17:03'
System info: host: 'DESKTOP-JL0NO2D', ip: '192.168.1.104', os.name: 'Windows 10', os.arch: 'amd64', os.version: '10.0', java.version: '11.0.2'
Driver info: org.openqa.selenium.firefox.FirefoxDriver
Capabilities {acceptInsecureCerts: true, browserName: firefox, browserVersion: 66.0.2, javascriptEnabled: true, moz:accessibilityChecks: false, moz:geckodriverVersion: 0.24.0, moz:headless: false, moz:processID: 11708, moz:profile: C:\Users\skrypchenko\AppDat..., moz:shutdownTimeout: 60000, moz:useNonSpecCompliantPointerOrigin: false, moz:webdriverClick: true, pageLoadStrategy: normal, platform: WINDOWS, platformName: WINDOWS, platformVersion: 10.0, rotatable: false, setWindowRect: true, strictFileInteractability: false, timeouts: {implicit: 0, pageLoad: 300000, script: 30000}, unhandledPromptBehavior: dismiss and notify}
Session ID: 75a5916b-c18f-407d-a271-10658f0bb367
1558601315937	Marionette	INFO	Stopped listening on port 58640
[Child 12940, Chrome_ChildThread] WARNING: pipe error: 109: file z:/build/build/src/ipc/chromium/src/chrome/common/ipc_channel_win.cc, line 332
[Child 12940, Chrome_ChildThread] WARNING: pipe error: 109: file z:/build/build/src/ipc/chromium/src/chrome/common/ipc_channel_win.cc, line 332
[Parent 11708, Gecko_IOThread] WARNING: pipe error: 109: file z:/build/build/src/ipc/chromium/src/chrome/common/ipc_channel_win.cc, line 332
[GPU 208
###!!! [Child][RunMessage] Error: Channel closing: too late to send/recv, messages will be lost

84, Chrome_ChildThread] WARNING: pipe error: 109: file z:/build/build/src/ipc/chromium/src/chrome/common/ipc_cha
###!!! [Child][MessageChannel::SendAndWait] Error: Channel error: cannot send/recv

]]></system-err>
  </testcase>
  <testcase name="testCreateVaultWalletCustomSecretPhrase" classname="TestLogin" time="13.809"/>
  <testcase name="testCreateVaultWalletInvalidSecretPhraseNegative" classname="TestLogin" time="13.999"/>
  <testcase name="testCreateStandardWallet" classname="TestLogin" time="12.646"/>
  <testcase name="testLogInByAccountID" classname="TestLogin" time="10.989"/>
  <testcase name="testLogInByEmptyAccountIDNegative" classname="TestLogin" time="10.021"/>
  <testcase name="testLogInByAccountIDNegative" classname="TestLogin" time="10.092"/>
  <testcase name="testCreateStandardWalletNegative" classname="TestLogin" time="8.26"/>
  <testcase name="testLogInBySecretPhrase" classname="TestLogin" time="8.222"/>
  <testcase name="testLogOut" classname="TestLogin" time="8.954"/>
  <testcase name="testCreateVaultWalletRandomlyGeneratedSecretPhrase" classname="TestLogin" time="13.729"/>
  <testcase name="testCreateStandardWalletInvalidSecretPhrase" classname="TestLogin" time="9.504"/>
  <testcase name="testLogInByEmptySecretPhraseNegative" classname="TestLogin" time="7.881"/>
  <testcase name="testCreateVaultWalletVerifyStoreDataNegative" classname="TestLogin" time="9.227"/>
  <testcase name="testExitModalWindowBtn" classname="TestLogin" time="8.75"/>
</testsuite>