-------------------------------------------------------------------------------
Test set: TestLogin
-------------------------------------------------------------------------------
Tests run: 15, Failures: 1, Errors: 0, Skipped: 0, Time elapsed: 187.89 s <<< FAILURE! - in TestLogin
testBackSpaceBtn  Time elapsed: 41.524 s  <<< FAILURE!
java.lang.AssertionError: Verify current url: login but current page: http://51.15.247.49:7876/dashboard
	at TestLogin.testBackSpaceBtn(TestLogin.java:172)

